{"C:\\Users\\leona\\OneDrive\\Desktop\\NodeJs_Full\\src\\repository\\pessoa.js": {"path":"C:\\Users\\leona\\OneDrive\\Desktop\\NodeJs_Full\\src\\repository\\pessoa.js","statementMap":{"0":{"start":{"line":1,"column":14},"end":{"line":1,"column":62}},"1":{"start":{"line":4,"column":8},"end":{"line":4,"column":20}},"2":{"start":{"line":8,"column":8},"end":{"line":8,"column":28}},"3":{"start":{"line":12,"column":8},"end":{"line":12,"column":25}},"4":{"start":{"line":16,"column":8},"end":{"line":16,"column":27}},"5":{"start":{"line":20,"column":8},"end":{"line":20,"column":31}},"6":{"start":{"line":24,"column":0},"end":{"line":24,"column":34}}},"fnMap":{"0":{"name":"(anonymous_0)","decl":{"start":{"line":3,"column":4},"end":{"line":3,"column":5}},"loc":{"start":{"line":3,"column":16},"end":{"line":5,"column":5}},"line":3},"1":{"name":"(anonymous_1)","decl":{"start":{"line":7,"column":4},"end":{"line":7,"column":5}},"loc":{"start":{"line":7,"column":18},"end":{"line":9,"column":5}},"line":7},"2":{"name":"(anonymous_2)","decl":{"start":{"line":11,"column":4},"end":{"line":11,"column":5}},"loc":{"start":{"line":11,"column":19},"end":{"line":13,"column":5}},"line":11},"3":{"name":"(anonymous_3)","decl":{"start":{"line":15,"column":4},"end":{"line":15,"column":5}},"loc":{"start":{"line":15,"column":24},"end":{"line":17,"column":5}},"line":15},"4":{"name":"(anonymous_4)","decl":{"start":{"line":19,"column":4},"end":{"line":19,"column":5}},"loc":{"start":{"line":19,"column":18},"end":{"line":21,"column":5}},"line":19}},"branchMap":{},"s":{"0":1,"1":3,"2":1,"3":1,"4":1,"5":1,"6":1},"f":{"0":3,"1":1,"2":1,"3":1,"4":1},"b":{},"_coverageSchema":"1a1c01bbd47fc00a2c39e90264f33305004495a9","hash":"39f5db33b97b2e3335e5418863dda660e44a4d38"}
,"C:\\Users\\leona\\OneDrive\\Desktop\\NodeJs_Full\\src\\services\\pessoa.js": {"path":"C:\\Users\\leona\\OneDrive\\Desktop\\NodeJs_Full\\src\\services\\pessoa.js","statementMap":{"0":{"start":{"line":1,"column":25},"end":{"line":1,"column":56}},"1":{"start":{"line":3,"column":13},"end":{"line":3,"column":35}},"2":{"start":{"line":7,"column":8},"end":{"line":7,"column":33}},"3":{"start":{"line":10,"column":8},"end":{"line":10,"column":32}},"4":{"start":{"line":13,"column":8},"end":{"line":13,"column":36}},"5":{"start":{"line":16,"column":8},"end":{"line":16,"column":38}},"6":{"start":{"line":19,"column":8},"end":{"line":19,"column":32}},"7":{"start":{"line":23,"column":0},"end":{"line":23,"column":31}}},"fnMap":{"0":{"name":"(anonymous_0)","decl":{"start":{"line":6,"column":4},"end":{"line":6,"column":5}},"loc":{"start":{"line":6,"column":16},"end":{"line":8,"column":5}},"line":6},"1":{"name":"(anonymous_1)","decl":{"start":{"line":9,"column":4},"end":{"line":9,"column":5}},"loc":{"start":{"line":9,"column":15},"end":{"line":11,"column":5}},"line":9},"2":{"name":"(anonymous_2)","decl":{"start":{"line":12,"column":4},"end":{"line":12,"column":5}},"loc":{"start":{"line":12,"column":19},"end":{"line":14,"column":5}},"line":12},"3":{"name":"(anonymous_3)","decl":{"start":{"line":15,"column":4},"end":{"line":15,"column":5}},"loc":{"start":{"line":15,"column":21},"end":{"line":17,"column":5}},"line":15},"4":{"name":"(anonymous_4)","decl":{"start":{"line":18,"column":4},"end":{"line":18,"column":5}},"loc":{"start":{"line":18,"column":15},"end":{"line":20,"column":5}},"line":18}},"branchMap":{},"s":{"0":1,"1":1,"2":3,"3":1,"4":1,"5":1,"6":1,"7":1},"f":{"0":3,"1":1,"2":1,"3":1,"4":1},"b":{},"_coverageSchema":"1a1c01bbd47fc00a2c39e90264f33305004495a9","hash":"a75e611a955f35ec5aad486a6aaa05725f2324f3"}
}
